\BOOKMARK [1][-]{section.1}{\376\377\000I\000n\000t\000r\000o\000d\000u\000c\000t\000i\000o\000n}{}% 1
\BOOKMARK [1][-]{section.2}{\376\377\000M\000e\000t\000h\000o\000d\000o\000l\000o\000g\000y}{}% 2
\BOOKMARK [2][-]{subsection.2.1}{\376\377\000T\000r\000a\000i\000n\000i\000n\000g\000\040\000P\000r\000o\000c\000e\000d\000u\000r\000e}{section.2}% 3
\BOOKMARK [2][-]{subsection.2.2}{\376\377\000E\000v\000a\000l\000u\000a\000t\000i\000o\000n}{section.2}% 4
\BOOKMARK [1][-]{section.3}{\376\377\000E\000x\000p\000e\000r\000i\000m\000e\000n\000t\000s\000\040\000a\000n\000d\000\040\000R\000e\000s\000u\000l\000t\000s}{}% 5
\BOOKMARK [1][-]{section*.5}{\376\377\000A\000p\000p\000e\000n\000d\000i\000c\000e\000s}{}% 6
\BOOKMARK [1][-]{appendix.1.A}{\376\377\000R\000e\000l\000a\000t\000e\000d\000\040\000W\000o\000r\000k\000\040\000a\000n\000d\000\040\000\040\000C\000o\000n\000t\000e\000x\000t\000u\000a\000l\000\040\000F\000o\000u\000n\000d\000a\000t\000i\000o\000n\000s\000\040\000o\000f\000\040\000N\000o\000M\000a\000D}{}% 7
\BOOKMARK [1][-]{appendix.1.B}{\376\377\000T\000e\000c\000h\000n\000i\000c\000a\000l\000\040\000P\000r\000e\000l\000i\000m\000i\000n\000a\000r\000i\000e\000s}{}% 8
\BOOKMARK [1][-]{appendix.1.C}{\376\377\000M\000e\000t\000h\000o\000d\000o\000l\000o\000g\000y\000:\000\040\000C\000t\000d\000.}{}% 9
\BOOKMARK [1][-]{appendix.1.D}{\376\377\000I\000m\000p\000l\000e\000m\000e\000n\000t\000a\000t\000i\000o\000n\000\040\000D\000e\000t\000a\000i\000l\000s}{}% 10
\BOOKMARK [2][-]{subsection.1.D.1}{\376\377\000E\000n\000v\000i\000r\000o\000n\000m\000e\000n\000t\000\040\000S\000e\000t\000u\000p}{appendix.1.D}% 11
\BOOKMARK [2][-]{subsection.1.D.2}{\376\377\000D\000a\000t\000a\000\040\000P\000i\000p\000e\000l\000i\000n\000e}{appendix.1.D}% 12
\BOOKMARK [2][-]{subsection.1.D.3}{\376\377\000U\000s\000i\000n\000g\000\040\000W\000a\000n\000d\000B}{appendix.1.D}% 13
\BOOKMARK [1][-]{appendix.1.E}{\376\377\000R\000e\000s\000u\000l\000t\000s\000\040\000a\000n\000d\000\040\000E\000x\000p\000e\000r\000i\000m\000e\000n\000t\000s}{}% 14
\BOOKMARK [1][-]{appendix.1.F}{\376\377\000C\000o\000m\000p\000a\000r\000i\000s\000o\000n\000\040\000w\000i\000t\000h\000\040\000V\000i\000N\000T}{}% 15
\BOOKMARK [1][-]{appendix.1.G}{\376\377\000V\000i\000s\000i\000o\000n\000\040\000T\000r\000a\000n\000s\000f\000o\000r\000m\000e\000r\000\040\000\050\000V\000i\000T\000\051}{}% 16
\BOOKMARK [1][-]{appendix.1.H}{\376\377\000E\000f\000f\000i\000c\000i\000e\000n\000t\000N\000e\000t}{}% 17
\BOOKMARK [1][-]{appendix.1.I}{\376\377\000D\000i\000f\000f\000u\000s\000i\000o\000n\000\040\000P\000o\000l\000i\000c\000y\000:\000\040\000V\000i\000s\000u\000o\000m\000o\000t\000o\000r\000\040\000P\000o\000l\000i\000c\000y\000\040\000L\000e\000a\000r\000n\000i\000n\000g\000\040\000v\000i\000a\000\040\000A\000c\000t\000i\000o\000n\000\040\000D\000i\000f\000f\000u\000s\000i\000o\000n}{}% 18
\BOOKMARK [1][-]{appendix.1.J}{\376\377\000W\000a\000n\000d\000B}{}% 19
\BOOKMARK [1][-]{appendix.1.K}{\376\377\000T\000e\000a\000m\000\040\000C\000o\000n\000t\000r\000i\000b\000u\000t\000i\000o\000n\000s}{}% 20
\BOOKMARK [1][-]{appendix.1.L}{\376\377\000C\000h\000a\000l\000l\000e\000n\000g\000e\000s\000\040\000a\000n\000d\000\040\000D\000e\000b\000u\000g\000g\000i\000n\000g}{}% 21
